18:14:23.006 karate.env system property was: dev 
18:14:23.478 [print] {
  "uuid": e108cf3b-55c8-441a-8e6b-f1cd785eb2ec
}

18:14:23.617 request:
1 > PUT https://reqres.in/api/users/2
1 > Accept-Encoding: gzip,deflate
1 > Connection: Keep-Alive
1 > Content-Length: 110
1 > Content-Type: text/plain; charset=UTF-8
1 > Host: reqres.in
1 > User-Agent: Apache-HttpClient/4.5.12 (Java/12)
C:\Users\vpuranda\Eclipse\KarateTestScriptsSample/Resources/RequestAndResponses/Requests/PutRequestSample.json

18:14:24.293 response time in milliseconds: 672.23
1 < 200
1 < Access-Control-Allow-Origin: *
1 < CF-Cache-Status: DYNAMIC
1 < CF-RAY: 5ece6d1afcaaf3e7-LHR
1 < Connection: keep-alive
1 < Content-Length: 40
1 < Content-Type: application/json; charset=utf-8
1 < Date: Wed, 04 Nov 2020 12:44:24 GMT
1 < Etag: W/"28-XghowfaiNE8exvyp2EsUXVJnmEc"
1 < Expect-CT: max-age=604800, report-uri="https://report-uri.cloudflare.com/cdn-cgi/beacon/expect-ct"
1 < NEL: {"report_to":"cf-nel","max_age":604800}
1 < Report-To: {"endpoints":[{"url":"https:\/\/a.nel.cloudflare.com\/report?s=fDIH74GzSywvnQNZxcqm45iIglWbxlxTaEthDhx%2Fd4zpR%2Fl2U%2BnBk1nRBCcqpR0FVc%2BHy73ptDBf7FbqSpfcoAoalw1GxrH%2BVZQ%3D"}],"group":"cf-nel","max_age":604800}
1 < Server: cloudflare
1 < Set-Cookie: __cfduid=da707aca826530578ff084f927458cceb1604493864; expires=Fri, 04-Dec-20 12:44:24 GMT; path=/; domain=.reqres.in; HttpOnly; SameSite=Lax; Secure
1 < Vary: Accept-Encoding
1 < Via: 1.1 vegur
1 < X-Powered-By: Express
1 < cf-request-id: 0634e284d70000f3e72fa88000000001
{
  "updatedAt": "2020-11-04T12:44:24.193Z"
}


