18:14:23.008 karate.env system property was: dev 
18:14:23.480 [print] {
  "uuid": 8a2653cb-7870-44c7-8af7-7fa886bcdb9a
}

18:14:23.622 request:
1 > PATCH https://reqres.in/api/users/2
1 > Accept-Encoding: gzip,deflate
1 > Connection: Keep-Alive
1 > Content-Length: 110
1 > Content-Type: text/plain; charset=UTF-8
1 > Host: reqres.in
1 > User-Agent: Apache-HttpClient/4.5.12 (Java/12)
C:\Users\vpuranda\Eclipse\KarateTestScriptsSample/Resources/RequestAndResponses/Requests/PutRequestSample.json

18:14:24.294 response time in milliseconds: 669.82
1 < 200
1 < Access-Control-Allow-Origin: *
1 < CF-Cache-Status: DYNAMIC
1 < CF-RAY: 5ece6d1afce406a6-LHR
1 < Connection: keep-alive
1 < Content-Length: 40
1 < Content-Type: application/json; charset=utf-8
1 < Date: Wed, 04 Nov 2020 12:44:24 GMT
1 < Etag: W/"28-2FsJj4P/2sQ7IdRZ9Vnezx536Ik"
1 < Expect-CT: max-age=604800, report-uri="https://report-uri.cloudflare.com/cdn-cgi/beacon/expect-ct"
1 < NEL: {"report_to":"cf-nel","max_age":604800}
1 < Report-To: {"endpoints":[{"url":"https:\/\/a.nel.cloudflare.com\/report?s=KTwLMrZr5nVQ3jp%2FB7KbYc9XMgoaqoVLKxQbe%2BZNTYX3wwGgyxEatt2EIzHBkGfH9GO2xY5SnXGBPBGAYMiCkiU3AKAq0tlQkmo%3D"}],"group":"cf-nel","max_age":604800}
1 < Server: cloudflare
1 < Set-Cookie: __cfduid=dbc97fb3fb964234caa7389a93af5e8341604493864; expires=Fri, 04-Dec-20 12:44:24 GMT; path=/; domain=.reqres.in; HttpOnly; SameSite=Lax; Secure
1 < Via: 1.1 vegur
1 < X-Powered-By: Express
1 < cf-request-id: 0634e284d7000006a61f0f0000000001
{
  "updatedAt": "2020-11-04T12:44:24.194Z"
}


