18:15:30.283 karate.env system property was: dev 
18:15:30.719 [print] {
  "uuid": 8aa111ef-0f3a-45c0-8911-c87a74bebce0
}

18:15:30.842 request:
1 > PUT https://reqres.in/api/users/2
1 > Accept-Encoding: gzip,deflate
1 > Connection: Keep-Alive
1 > Content-Length: 110
1 > Content-Type: text/plain; charset=UTF-8
1 > Host: reqres.in
1 > User-Agent: Apache-HttpClient/4.5.12 (Java/12)
C:\Users\vpuranda\Eclipse\KarateTestScriptsSample/Resources/RequestAndResponses/Requests/PutRequestSample.json

18:15:31.481 response time in milliseconds: 636.97
1 < 200
1 < Access-Control-Allow-Origin: *
1 < CF-Cache-Status: DYNAMIC
1 < CF-RAY: 5ece6ebefcc8072e-LHR
1 < Connection: keep-alive
1 < Content-Length: 40
1 < Content-Type: application/json; charset=utf-8
1 < Date: Wed, 04 Nov 2020 12:45:31 GMT
1 < Etag: W/"28-IcPwbjBoy5KMccz1Mv52ZcAVoG8"
1 < Expect-CT: max-age=604800, report-uri="https://report-uri.cloudflare.com/cdn-cgi/beacon/expect-ct"
1 < NEL: {"report_to":"cf-nel","max_age":604800}
1 < Report-To: {"endpoints":[{"url":"https:\/\/a.nel.cloudflare.com\/report?s=Z40LdO0YFWEnBJYNFjCP3o9yoaOHTIVl5mTgsC50jbR%2FaHi0cfGv9oXlKNEJ0B6hPPTaZVMEAagz5r%2BBuzBHkThbFVXj8%2FDba6Y%3D"}],"group":"cf-nel","max_age":604800}
1 < Server: cloudflare
1 < Set-Cookie: __cfduid=d673d50638f4657dcea094a23f30c8a691604493931; expires=Fri, 04-Dec-20 12:45:31 GMT; path=/; domain=.reqres.in; HttpOnly; SameSite=Lax; Secure
1 < Vary: Accept-Encoding
1 < Via: 1.1 vegur
1 < X-Powered-By: Express
1 < cf-request-id: 0634e38b5f0000072e1f181000000001
{
  "updatedAt": "2020-11-04T12:45:31.398Z"
}


18:15:31.500 karate.env system property was: dev 
18:15:31.512 [print] {
  "uuid": 4b64d140-9c6a-421c-a943-2037bc117f6b
}

18:15:31.516 request:
1 > DELETE https://reqres.in/api/users/2
1 > Accept-Encoding: gzip,deflate
1 > Connection: Keep-Alive
1 > Host: reqres.in
1 > User-Agent: Apache-HttpClient/4.5.12 (Java/12)

18:15:32.032 response time in milliseconds: 513.29
1 < 204
1 < Access-Control-Allow-Origin: *
1 < CF-Cache-Status: DYNAMIC
1 < CF-RAY: 5ece6ec288e82c66-LHR
1 < Connection: keep-alive
1 < Content-Length: 0
1 < Date: Wed, 04 Nov 2020 12:45:31 GMT
1 < Etag: W/"2-vyGp6PvFo4RvsFtPoIWeCReyIC8"
1 < Expect-CT: max-age=604800, report-uri="https://report-uri.cloudflare.com/cdn-cgi/beacon/expect-ct"
1 < NEL: {"report_to":"cf-nel","max_age":604800}
1 < Report-To: {"endpoints":[{"url":"https:\/\/a.nel.cloudflare.com\/report?s=9xHq8FcJE%2Bvo%2FNW7NBinIPZS0p2oujSH10n%2FKK%2FJlP%2Bu4qBaBJCKukxatRMOGuA85bTBgw5F971yj0vgJSRL%2F%2BaegypBRsq6jVU%3D"}],"group":"cf-nel","max_age":604800}
1 < Server: cloudflare
1 < Set-Cookie: __cfduid=dbde64fb524aa55b622adea69bb9dff0c1604493931; expires=Fri, 04-Dec-20 12:45:31 GMT; path=/; domain=.reqres.in; HttpOnly; SameSite=Lax; Secure
1 < Via: 1.1 vegur
1 < X-Powered-By: Express
1 < cf-request-id: 0634e38d9200002c661e19b000000001

