20:36:52.597 karate.env system property was :::  users 
20:36:52.770 Karate Testing Environment :::  DEV 
20:36:52.823 [print]
20:36:53.993 request:
1 > PUT https://reqres.in/api/users/2
1 > Accept-Encoding: gzip,deflate
1 > Connection: Keep-Alive
1 > Content-Length: 41
1 > Content-Type: text/plain; charset=UTF-8
1 > Host: reqres.in
1 > User-Agent: Apache-HttpClient/4.5.12 (Java/1.8.0_251)
fixtures/requests/put_request_sample.json

20:36:54.472 response time in milliseconds: 477.13
1 < 200
1 < Access-Control-Allow-Origin: *
1 < CF-Cache-Status: DYNAMIC
1 < CF-RAY: 5f447c8cdaf4fa44-AMS
1 < Connection: keep-alive
1 < Content-Length: 40
1 < Content-Type: application/json; charset=utf-8
1 < Date: Wed, 18 Nov 2020 20:36:56 GMT
1 < Etag: W/"28-yLisNS1N3Q+XJ8gLzkFfVgrCCpc"
1 < Expect-CT: max-age=604800, report-uri="https://report-uri.cloudflare.com/cdn-cgi/beacon/expect-ct"
1 < NEL: {"report_to":"cf-nel","max_age":604800}
1 < Report-To: {"endpoints":[{"url":"https:\/\/a.nel.cloudflare.com\/report?s=NKDKdlw1V8oTbPF709OQ74cM6NaA8ykR0X7%2BmzDTGPBNHsXFsPE06iKkWAuew%2F7vDIPCxLckk%2B%2FeKRVpOEiBsnvrDAHl7rkwTnw%3D"}],"group":"cf-nel","max_age":604800}
1 < Server: cloudflare
1 < Set-Cookie: __cfduid=dd3f1bbe22554d2b5aec4a41c2b9254771605731816; expires=Fri, 18-Dec-20 20:36:56 GMT; path=/; domain=.reqres.in; HttpOnly; SameSite=Lax; Secure
1 < Via: 1.1 vegur
1 < X-Powered-By: Express
1 < cf-request-id: 067eac2c0c0000fa445a9b5000000001
{"updatedAt":"2020-11-18T20:36:56.507Z"}

