18:15:33.787 karate.env system property was: dev 
18:15:33.809 [print] {
  "uuid": 88031147-8237-40b9-bfbe-fe2fb04bc942
}

18:15:33.836 request:
1 > GET https://reqres.in/api/users/2
1 > Accept-Encoding: gzip,deflate
1 > Connection: Keep-Alive
1 > Host: reqres.in
1 > User-Agent: Apache-HttpClient/4.5.12 (Java/12)

18:15:34.340 response time in milliseconds: 503.27
1 < 200
1 < Access-Control-Allow-Origin: *
1 < Age: 3206
1 < CF-Cache-Status: HIT
1 < CF-RAY: 5ece6ed10edadbff-LHR
1 < Cache-Control: max-age=14400
1 < Connection: keep-alive
1 < Content-Type: application/json; charset=utf-8
1 < Date: Wed, 04 Nov 2020 12:45:34 GMT
1 < Etag: W/"173-1Z8bn0V7UjH6FK7NCaza1ccWXQk"
1 < Expect-CT: max-age=604800, report-uri="https://report-uri.cloudflare.com/cdn-cgi/beacon/expect-ct"
1 < NEL: {"report_to":"cf-nel","max_age":604800}
1 < Report-To: {"endpoints":[{"url":"https:\/\/a.nel.cloudflare.com\/report?s=AqNG29c3lJSghB0KuJ91qwYFxiUJ6gmq2njZTvB6R%2BcjGZfGGtPLAJ3UuS3ieWk0RozCPLK44gDPbMdxs%2B4Z3Y9BS0TIrbw1Xdg%3D"}],"group":"cf-nel","max_age":604800}
1 < Server: cloudflare
1 < Set-Cookie: __cfduid=d9b5ad8a6a5baa2c5eff24c4a92472cf51604493934; expires=Fri, 04-Dec-20 12:45:34 GMT; path=/; domain=.reqres.in; HttpOnly; SameSite=Lax; Secure
1 < Transfer-Encoding: chunked
1 < Vary: Accept-Encoding
1 < Via: 1.1 vegur
1 < X-Powered-By: Express
1 < cf-request-id: 0634e396ac0000dbff730a5000000001
{
  "data": {
    "id": 2,
    "email": "janet.weaver@reqres.in",
    "first_name": "Janet",
    "last_name": "Weaver",
    "avatar": "https://s3.amazonaws.com/uifaces/faces/twitter/josephstein/128.jpg"
  },
  "ad": {
    "company": "StatusCode Weekly",
    "url": "http://statuscode.org/",
    "text": "A weekly newsletter focusing on software development, infrastructure, the server, performance, and the stack end of things."
  }
}


18:15:34.344 request:
2 > GET https://reqres.in/api/users/2
2 > Accept-Encoding: gzip,deflate
2 > Connection: Keep-Alive
2 > Cookie: __cfduid=d9b5ad8a6a5baa2c5eff24c4a92472cf51604493934
2 > Host: reqres.in
2 > User-Agent: Apache-HttpClient/4.5.12 (Java/12)

18:15:34.835 response time in milliseconds: 489.03
2 < 200
2 < Access-Control-Allow-Origin: *
2 < Age: 3206
2 < CF-Cache-Status: HIT
2 < CF-RAY: 5ece6ed419fb066a-LHR
2 < Cache-Control: max-age=14400
2 < Connection: keep-alive
2 < Content-Type: application/json; charset=utf-8
2 < Date: Wed, 04 Nov 2020 12:45:34 GMT
2 < Etag: W/"173-1Z8bn0V7UjH6FK7NCaza1ccWXQk"
2 < Expect-CT: max-age=604800, report-uri="https://report-uri.cloudflare.com/cdn-cgi/beacon/expect-ct"
2 < NEL: {"report_to":"cf-nel","max_age":604800}
2 < Report-To: {"endpoints":[{"url":"https:\/\/a.nel.cloudflare.com\/report?s=8fJqBQLOqPLDILVFWiR0mAx8IC3WDHOKZcrF0DwR4Z2q3IwrnjZEnbIe3DIPPZw4Xv8iYbwbvEFXKwJeIEQziqMxzC8f%2BArNKRo%3D"}],"group":"cf-nel","max_age":604800}
2 < Server: cloudflare
2 < Transfer-Encoding: chunked
2 < Vary: Accept-Encoding
2 < Via: 1.1 vegur
2 < X-Powered-By: Express
2 < cf-request-id: 0634e398900000066ad583a000000001
{
  "data": {
    "id": 2,
    "email": "janet.weaver@reqres.in",
    "first_name": "Janet",
    "last_name": "Weaver",
    "avatar": "https://s3.amazonaws.com/uifaces/faces/twitter/josephstein/128.jpg"
  },
  "ad": {
    "company": "StatusCode Weekly",
    "url": "http://statuscode.org/",
    "text": "A weekly newsletter focusing on software development, infrastructure, the server, performance, and the stack end of things."
  }
}


18:15:34.864 karate.env system property was: dev 
18:15:34.870 [print] {
  "uuid": 50ae78eb-7aa6-49bb-84d8-8c1056421d99
}

18:15:34.873 request:
1 > POST https://reqres.in/api/users
1 > Accept-Encoding: gzip,deflate
1 > Connection: Keep-Alive
1 > Content-Length: 34
1 > Content-Type: application/json; charset=UTF-8
1 > Host: reqres.in
1 > User-Agent: Apache-HttpClient/4.5.12 (Java/12)
{
  "name": "morpheus",
  "job": "leader"
}


18:15:35.388 response time in milliseconds: 514.59
1 < 201
1 < Access-Control-Allow-Origin: *
1 < CF-Cache-Status: DYNAMIC
1 < CF-RAY: 5ece6ed76c946b4d-LHR
1 < Connection: keep-alive
1 < Content-Length: 84
1 < Content-Type: application/json; charset=utf-8
1 < Date: Wed, 04 Nov 2020 12:45:35 GMT
1 < Etag: W/"54-mbqjJrrUPOG3dDMf2PiPwPqjpB4"
1 < Expect-CT: max-age=604800, report-uri="https://report-uri.cloudflare.com/cdn-cgi/beacon/expect-ct"
1 < NEL: {"report_to":"cf-nel","max_age":604800}
1 < Report-To: {"endpoints":[{"url":"https:\/\/a.nel.cloudflare.com\/report?s=Ns3HihbBAIlZy5mD5Rlny8UAinFHaOVJ95ZJW9X%2FyHmUGDJHTSJLfW4dyenNtJ38nnbz6aaE8Td3F4DnaGpTiiIUo8ynf4ZW%2Fio%3D"}],"group":"cf-nel","max_age":604800}
1 < Server: cloudflare
1 < Set-Cookie: __cfduid=dd3b13e076a90a7937e82a9b60f9566a61604493935; expires=Fri, 04-Dec-20 12:45:35 GMT; path=/; domain=.reqres.in; HttpOnly; SameSite=Lax; Secure
1 < Via: 1.1 vegur
1 < X-Powered-By: Express
1 < cf-request-id: 0634e39aa200006b4d67a8c000000001
{
  "name": "morpheus",
  "job": "leader",
  "id": "889",
  "createdAt": "2020-11-04T12:45:35.309Z"
}


18:15:35.390 [print] created id is:  889
18:15:35.396 karate.env system property was: dev 
18:15:35.402 [print] {
  "uuid": b3e877cf-1a11-4f47-ab5b-6477cea617ae
}

18:15:35.406 request:
1 > PUT https://reqres.in/api/users/2
1 > Accept-Encoding: gzip,deflate
1 > Connection: Keep-Alive
1 > Content-Length: 110
1 > Content-Type: text/plain; charset=UTF-8
1 > Host: reqres.in
1 > User-Agent: Apache-HttpClient/4.5.12 (Java/12)
C:\Users\vpuranda\Eclipse\KarateTestScriptsSample/Resources/RequestAndResponses/Requests/PutRequestSample.json

18:15:35.919 response time in milliseconds: 513.01
1 < 200
1 < Access-Control-Allow-Origin: *
1 < CF-Cache-Status: DYNAMIC
1 < CF-RAY: 5ece6edacfeb2c8e-LHR
1 < Connection: keep-alive
1 < Content-Length: 40
1 < Content-Type: application/json; charset=utf-8
1 < Date: Wed, 04 Nov 2020 12:45:35 GMT
1 < Etag: W/"28-QJ0/f8kQ8OpsY55iD9Qw294QbQE"
1 < Expect-CT: max-age=604800, report-uri="https://report-uri.cloudflare.com/cdn-cgi/beacon/expect-ct"
1 < NEL: {"report_to":"cf-nel","max_age":604800}
1 < Report-To: {"endpoints":[{"url":"https:\/\/a.nel.cloudflare.com\/report?s=rfXAW4Zpr3Tr1n8GCUa6ehgFF2HIM%2BsDE2fNM3U%2FBqkEtSJUrNOKALurmvIH96wRltlGc1EH0zmQyiwIWicf430j7gaEv2KIsDo%3D"}],"group":"cf-nel","max_age":604800}
1 < Server: cloudflare
1 < Set-Cookie: __cfduid=deead48bce8525a782fbacdb3a5db913f1604493935; expires=Fri, 04-Dec-20 12:45:35 GMT; path=/; domain=.reqres.in; HttpOnly; SameSite=Lax; Secure
1 < Vary: Accept-Encoding
1 < Via: 1.1 vegur
1 < X-Powered-By: Express
1 < cf-request-id: 0634e39cbe00002c8e74206000000001
{
  "updatedAt": "2020-11-04T12:45:35.838Z"
}


18:15:35.926 karate.env system property was: dev 
18:15:35.932 [print] {
  "uuid": d2984f4d-8eda-4736-b8c1-2c7156077756
}

18:15:35.936 request:
1 > DELETE https://reqres.in/api/users/2
1 > Accept-Encoding: gzip,deflate
1 > Connection: Keep-Alive
1 > Host: reqres.in
1 > User-Agent: Apache-HttpClient/4.5.12 (Java/12)

18:15:36.442 response time in milliseconds: 504.63
1 < 204
1 < Access-Control-Allow-Origin: *
1 < CF-Cache-Status: DYNAMIC
1 < CF-RAY: 5ece6ede095206f5-LHR
1 < Connection: keep-alive
1 < Content-Length: 0
1 < Date: Wed, 04 Nov 2020 12:45:36 GMT
1 < Etag: W/"2-vyGp6PvFo4RvsFtPoIWeCReyIC8"
1 < Expect-CT: max-age=604800, report-uri="https://report-uri.cloudflare.com/cdn-cgi/beacon/expect-ct"
1 < NEL: {"report_to":"cf-nel","max_age":604800}
1 < Report-To: {"endpoints":[{"url":"https:\/\/a.nel.cloudflare.com\/report?s=96DQ7qrzBKBB%2FwcH5ssFG9wOmjkc4JStrVw%2BOr98kqiZ59H2DgkntrP24%2F5y38%2BkkyybghyezAnvoW9jp3nfOJCxI0uhVJ2KFIw%3D"}],"group":"cf-nel","max_age":604800}
1 < Server: cloudflare
1 < Set-Cookie: __cfduid=ddf3e8e275979418d301e904315d35ced1604493936; expires=Fri, 04-Dec-20 12:45:36 GMT; path=/; domain=.reqres.in; HttpOnly; SameSite=Lax; Secure
1 < Via: 1.1 vegur
1 < X-Powered-By: Express
1 < cf-request-id: 0634e39ec5000006f51117e000000001

18:15:36.457 karate.env system property was: dev 
18:15:36.465 [print] {
  "uuid": 00af4287-c372-41aa-a49f-dc2e7ad8ef39
}

18:15:36.469 request:
1 > PATCH https://reqres.in/api/users/2
1 > Accept-Encoding: gzip,deflate
1 > Connection: Keep-Alive
1 > Content-Length: 110
1 > Content-Type: text/plain; charset=UTF-8
1 > Host: reqres.in
1 > User-Agent: Apache-HttpClient/4.5.12 (Java/12)
C:\Users\vpuranda\Eclipse\KarateTestScriptsSample/Resources/RequestAndResponses/Requests/PutRequestSample.json

18:15:36.987 response time in milliseconds: 516.93
1 < 200
1 < Access-Control-Allow-Origin: *
1 < CF-Cache-Status: DYNAMIC
1 < CF-RAY: 5ece6ee17a6a0075-LHR
1 < Connection: keep-alive
1 < Content-Length: 40
1 < Content-Type: application/json; charset=utf-8
1 < Date: Wed, 04 Nov 2020 12:45:36 GMT
1 < Etag: W/"28-f8eEs/7ucqiMxfyQxuhnP3xIEgo"
1 < Expect-CT: max-age=604800, report-uri="https://report-uri.cloudflare.com/cdn-cgi/beacon/expect-ct"
1 < NEL: {"report_to":"cf-nel","max_age":604800}
1 < Report-To: {"endpoints":[{"url":"https:\/\/a.nel.cloudflare.com\/report?s=%2FbERGQyNOAbbDGbIynZPfns6thySoauYHKN5wUSFiK5uy7nSpjf14pcNPc9NuZappx9P%2Fszny2PFgqx5b2B%2FyERDaYt1D8gnZtI%3D"}],"group":"cf-nel","max_age":604800}
1 < Server: cloudflare
1 < Set-Cookie: __cfduid=d94feaa547dade7aef7bb518e7d0e2b661604493936; expires=Fri, 04-Dec-20 12:45:36 GMT; path=/; domain=.reqres.in; HttpOnly; SameSite=Lax; Secure
1 < Via: 1.1 vegur
1 < X-Powered-By: Express
1 < cf-request-id: 0634e3a0ef00000075db0c4000000001
{
  "updatedAt": "2020-11-04T12:45:36.908Z"
}


reqres.in
1 > User-Agent: Apache-HttpClient/4.5.12 (Java/12)
C:\Users\vpuranda\Eclipse\KarateTestScriptsSample/Resources/RequestAndResponses/Requests/PutRequestSample.json

18:14:29.522 response time in milliseconds: 514.48
1 < 200
1 < Access-Control-Allow-Origin: *
1 < CF-Cache-Status: DYNAMIC
1 < CF-RAY: 5ece6d3bcfb9bb94-LHR
1 < Connection: keep-alive
1 < Content-Length: 40
1 < Content-Type: application/json; charset=utf-8
1 < Date: Wed, 04 Nov 2020 12:44:29 GMT
1 < Etag: W/"28-0xHuulZWbBjbc3l0bQ0O3Vimhgg"
1 < Expect-CT: max-age=604800, report-uri="https://report-uri.cloudflare.com/cdn-cgi/beacon/expect-ct"
1 < NEL: {"report_to":"cf-nel","max_age":604800}
1 < Report-To: {"endpoints":[{"url":"https:\/\/a.nel.cloudflare.com\/report?s=HyuekbuNTgoRj3yPPmlRQq2qm63wdgGuH%2Buw4l8b1tE9lsrE%2B0wKoXda2s0NxmrY96oYWUuw6OYvygzn2%2Bk3ooDAl6DM6P4pDag%3D"}],"group":"cf-nel","max_age":604800}
1 < Server: cloudflare
1 < Set-Cookie: __cfduid=d79cc6f91a991cf68f6b99f74d7eaaaf41604493869; expires=Fri, 04-Dec-20 12:44:29 GMT; path=/; domain=.reqres.in; HttpOnly; SameSite=Lax; Secure
1 < Via: 1.1 vegur
1 < X-Powered-By: Express
1 < cf-request-id: 0634e2995c0000bb94843f6000000001
{
  "updatedAt": "2020-11-04T12:44:29.439Z"
}


634df09470000021fefa21000000001
1 < etag: W/"160d-1eMSsxeJRfnVLRBmYJSbCiJZ1qQ"
1 < expires: -1
1 < pragma: no-cache
1 < vary: Origin, Accept-Encoding
1 < via: 1.1 vegur
1 < x-content-type-options: nosniff
1 < x-powered-by: Express
1 < x-ratelimit-limit: 1000
1 < x-ratelimit-remaining: 999
1 < x-ratelimit-reset: 1602838859
[
  {
    "id": 1,
    "name": "Leanne Graham",
    "username": "Bret",
    "email": "Sincere@april.biz",
    "address": {
      "street": "Kulas Light",
      "suite": "Apt. 556",
      "city": "Gwenborough",
      "zipcode": "92998-3874",
      "geo": {
        "lat": "-37.3159",
        "lng": "81.1496"
      }
    },
    "phone": "1-770-736-8031 x56442",
    "website": "hildegard.org",
    "company": {
      "name": "Romaguera-Crona",
      "catchPhrase": "Multi-layered client-server neural-net",
      "bs": "harness real-time e-markets"
    }
  },
  {
    "id": 2,
    "name": "Ervin Howell",
    "username": "Antonette",
    "email": "Shanna@melissa.tv",
    "address": {
      "street": "Victor Plains",
      "suite": "Suite 879",
      "city": "Wisokyburgh",
      "zipcode": "90566-7771",
      "geo": {
        "lat": "-43.9509",
        "lng": "-34.4618"
      }
    },
    "phone": "010-692-6593 x09125",
    "website": "anastasia.net",
    "company": {
      "name": "Deckow-Crist",
      "catchPhrase": "Proactive didactic contingency",
      "bs": "synergize scalable supply-chains"
    }
  },
  {
    "id": 3,
    "name": "Clementine Bauch",
    "username": "Samantha",
    "email": "Nathan@yesenia.net",
    "address": {
      "street": "Douglas Extension",
      "suite": "Suite 847",
      "city": "McKenziehaven",
      "zipcode": "59590-4157",
      "geo": {
        "lat": "-68.6102",
        "lng": "-47.0653"
      }
    },
    "phone": "1-463-123-4447",
    "website": "ramiro.info",
    "company": {
      "name": "Romaguera-Jacobson",
      "catchPhrase": "Face to face bifurcated interface",
      "bs": "e-enable strategic applications"
    }
  },
  {
    "id": 4,
    "name": "Patricia Lebsack",
    "username": "Karianne",
    "email": "Julianne.OConner@kory.org",
    "address": {
      "street": "Hoeger Mall",
      "suite": "Apt. 692",
      "city": "South Elvis",
      "zipcode": "53919-4257",
      "geo": {
        "lat": "29.4572",
        "lng": "-164.2990"
      }
    },
    "phone": "493-170-9623 x156",
    "website": "kale.biz",
    "company": {
      "name": "Robel-Corkery",
      "catchPhrase": "Multi-tiered zero tolerance productivity",
      "bs": "transition cutting-edge web services"
    }
  },
  {
    "id": 5,
    "name": "Chelsey Dietrich",
    "username": "Kamren",
    "email": "Lucio_Hettinger@annie.ca",
    "address": {
      "street": "Skiles Walks",
      "suite": "Suite 351",
      "city": "Roscoeview",
      "zipcode": "33263",
      "geo": {
        "lat": "-31.8129",
        "lng": "62.5342"
      }
    },
    "phone": "(254)954-1289",
    "website": "demarco.info",
    "company": {
      "name": "Keebler LLC",
      "catchPhrase": "User-centric fault-tolerant solution",
      "bs": "revolutionize end-to-end systems"
    }
  },
  {
    "id": 6,
    "name": "Mrs. Dennis Schulist",
    "username": "Leopoldo_Corkery",
    "email": "Karley_Dach@jasper.info",
    "address": {
      "street": "Norberto Crossing",
      "suite": "Apt. 950",
      "city": "South Christy",
      "zipcode": "23505-1337",
      "geo": {
        "lat": "-71.4197",
        "lng": "71.7478"
      }
    },
    "phone": "1-477-935-8478 x6430",
    "website": "ola.org",
    "company": {
      "name": "Considine-Lockman",
      "catchPhrase": "Synchronised bottom-line interface",
      "bs": "e-enable innovative applications"
    }
  },
  {
    "id": 7,
    "name": "Kurtis Weissnat",
    "username": "Elwyn.Skiles",
    "email": "Telly.Hoeger@billy.biz",
    "address": {
      "street": "Rex Trail",
      "suite": "Suite 280",
      "city": "Howemouth",
      "zipcode": "58804-1099",
      "geo": {
        "lat": "24.8918",
        "lng": "21.8984"
      }
    },
    "phone": "210.067.6132",
    "website": "elvis.io",
    "company": {
      "name": "Johns Group",
      "catchPhrase": "Configurable multimedia task-force",
      "bs": "generate enterprise e-tailers"
    }
  },
  {
    "id": 8,
    "name": "Nicholas Runolfsdottir V",
    "username": "Maxime_Nienow",
    "email": "Sherwood@rosamond.me",
    "address": {
      "street": "Ellsworth Summit",
      "suite": "Suite 729",
      "city": "Aliyaview",
      "zipcode": "45169",
      "geo": {
        "lat": "-14.3990",
        "lng": "-120.7677"
      }
    },
    "phone": "586.493.6943 x140",
    "website": "jacynthe.com",
    "company": {
      "name": "Abernathy Group",
      "catchPhrase": "Implemented secondary concept",
      "bs": "e-enable extensible e-tailers"
    }
  },
  {
    "id": 9,
    "name": "Glenna Reichert",
    "username": "Delphine",
    "email": "Chaim_McDermott@dana.io",
    "address": {
      "street": "Dayna Park",
      "suite": "Suite 449",
      "city": "Bartholomebury",
      "zipcode": "76495-3109",
      "geo": {
        "lat": "24.6463",
        "lng": "-168.8889"
      }
    },
    "phone": "(775)976-6794 x41206",
    "website": "conrad.com",
    "company": {
      "name": "Yost and Sons",
      "catchPhrase": "Switchable contextually-based project",
      "bs": "aggregate real-time technologies"
    }
  },
  {
    "id": 10,
    "name": "Clementina DuBuque",
    "username": "Moriah.Stanton",
    "email": "Rey.Padberg@karina.biz",
    "address": {
      "street": "Kattie Turnpike",
      "suite": "Suite 198",
      "city": "Lebsackbury",
      "zipcode": "31428-2261",
      "geo": {
        "lat": "-38.2386",
        "lng": "57.2232"
      }
    },
    "phone": "024-648-3804",
    "website": "ambrose.net",
    "company": {
      "name": "Hoeger LLC",
      "catchPhrase": "Centralized empowering task-force",
      "bs": "target end-to-end models"
    }
  }
]


18:10:35.980 request:
2 > GET https://jsonplaceholder.typicode.com/users/1
2 > Accept-Encoding: gzip,deflate
2 > Connection: Keep-Alive
2 > Cookie: __cfduid=db971fb7902aab9847f57d3cdc4b259641604493635
2 > Host: jsonplaceholder.typicode.com
2 > User-Agent: Apache-HttpClient/4.5.12 (Java/12)

18:10:36.395 response time in milliseconds: 413.04
2 < 200
2 < Access-Control-Allow-Credentials: true
2 < Age: 1636
2 < CF-Cache-Status: HIT
2 < CF-RAY: 5ece678b2d51a9e8-SIN
2 < Cache-Control: max-age=43200
2 < Connection: keep-alive
2 < Content-Type: application/json; charset=utf-8
2 < Date: Wed, 04 Nov 2020 12:40:36 GMT
2 < Etag: W/"1fd-+2Y3G3w049iSZtw5t1mzSnunngE"
2 < Expect-CT: max-age=604800, report-uri="https://report-uri.cloudflare.com/cdn-cgi/beacon/expect-ct"
2 < Expires: -1
2 < NEL: {"report_to":"cf-nel","max_age":604800}
2 < Pragma: no-cache
2 < Report-To: {"endpoints":[{"url":"https:\/\/a.nel.cloudflare.com\/report?s=3ue4Pg80s6%2FFwkhuSfnajf6OK1%2F4qmOSZyCDm4koqPF%2BH31Bhs%2FD6v4I6OqznK8PSKCPEdfhB9KpqLln6gMOP53%2FkRrz%2FiEtVZ3JLqz7KD9YJJUq4a3fRpaUE8RD"}],"group":"cf-nel","max_age":604800}
2 < Server: cloudflare
2 < Transfer-Encoding: chunked
2 < Vary: Origin, Accept-Encoding
2 < Via: 1.1 vegur
2 < X-Content-Type-Options: nosniff
2 < X-Powered-By: Express
2 < X-Ratelimit-Limit: 1000
2 < X-Ratelimit-Remaining: 999
2 < X-Ratelimit-Reset: 1601432074
2 < cf-request-id: 0634df0af90000a9e8fa3b5000000001
{
  "id": 1,
  "name": "Leanne Graham",
  "username": "Bret",
  "email": "Sincere@april.biz",
  "address": {
    "street": "Kulas Light",
    "suite": "Apt. 556",
    "city": "Gwenborough",
    "zipcode": "92998-3874",
    "geo": {
      "lat": "-37.3159",
      "lng": "81.1496"
    }
  },
  "phone": "1-770-736-8031 x56442",
  "website": "hildegard.org",
  "company": {
    "name": "Romaguera-Crona",
    "catchPhrase": "Multi-layered client-server neural-net",
    "bs": "harness real-time e-markets"
  }
}


18:10:36.406 karate.env system property was: dev 
18:10:36.416 request:
1 > POST https://jsonplaceholder.typicode.com/users
1 > Accept-Encoding: gzip,deflate
1 > Connection: Keep-Alive
1 > Content-Length: 160
1 > Content-Type: application/json; charset=UTF-8
1 > Host: jsonplaceholder.typicode.com
1 > User-Agent: Apache-HttpClient/4.5.12 (Java/12)
{
  "name": "Test User",
  "username": "testuser",
  "email": "test@user.com",
  "address": {
    "street": "Has No Name",
    "suite": "Apt. 123",
    "city": "Electri",
    "zipcode": "54321-6789"
  }
}


18:10:37.314 response time in milliseconds: 897.64
1 < 201
1 < Access-Control-Allow-Credentials: true
1 < Access-Control-Expose-Headers: Location
1 < CF-Cache-Status: DYNAMIC
1 < CF-RAY: 5ece678df9bfdcee-SIN
1 < Cache-Control: no-cache
1 < Connection: keep-alive
1 < Content-Length: 216
1 < Content-Type: application/json; charset=utf-8
1 < Date: Wed, 04 Nov 2020 12:40:37 GMT
1 < Etag: W/"d8-pYV7+YuMGP2hxHPU9ARrf97ifDA"
1 < Expect-CT: max-age=604800, report-uri="https://report-uri.cloudflare.com/cdn-cgi/beacon/expect-ct"
1 < Expires: -1
1 < Location: http://jsonplaceholder.typicode.com/users/11
1 < NEL: {"report_to":"cf-nel","max_age":604800}
1 < Pragma: no-cache
1 < Report-To: {"endpoints":[{"url":"https:\/\/a.nel.cloudflare.com\/report?s=KCQw3SxqYJuDk0r87EBX1ZXO3OkP79R1kdx7qyJFoJULPC7d5irJF%2BI%2FajjKgucNWV13HJ4UeBnOumIDRZ75KQWOyPSXTcjv5%2BU2vzKR1Qs52QXbL1zpru6YwSSP"}],"group":"cf-nel","max_age":604800}
1 < Server: cloudflare
1 < Set-Cookie: __cfduid=dd0e610728cebae9b77406fba4f70cb0d1604493636; expires=Fri, 04-Dec-20 12:40:36 GMT; path=/; domain=.typicode.com; HttpOnly; SameSite=Lax
1 < Vary: Origin, X-HTTP-Method-Override, Accept-Encoding
1 < Via: 1.1 vegur
1 < X-Content-Type-Options: nosniff
1 < X-Powered-By: Express
1 < X-Ratelimit-Limit: 1000
1 < X-Ratelimit-Remaining: 999
1 < X-Ratelimit-Reset: 1604493650
1 < cf-request-id: 0634df0cb60000dceeadafa000000001
{
  "name": "Test User",
  "username": "testuser",
  "email": "test@user.com",
  "address": {
    "street": "Has No Name",
    "suite": "Apt. 123",
    "city": "Electri",
    "zipcode": "54321-6789"
  },
  "id": 11
}


18:10:37.316 [print] created id is:  11
18:10:37.450 karate.env system property was: dev 
18:10:37.460 request:
1 > GET https://jsonplaceholder.typicode.com/users
1 > Accept-Encoding: gzip,deflate
1 > Connection: Keep-Alive
1 > Host: jsonplaceholder.typicode.com
1 > User-Agent: Apache-HttpClient/4.5.12 (Java/12)

18:10:37.745 response time in milliseconds: 281.45
1 < 200
1 < Age: 6720
1 < CF-Cache-Status: HIT
1 < CF-RAY: 5ece67939d30cc2c-SIN
1 < Connection: keep-alive
1 < Content-Type: application/json; charset=utf-8
1 < Date: Wed, 04 Nov 2020 12:40:37 GMT
1 < Expect-CT: max-age=604800, report-uri="https://report-uri.cloudflare.com/cdn-cgi/beacon/expect-ct"
1 < NEL: {"report_to":"cf-nel","max_age":604800}
1 < Report-To: {"endpoints":[{"url":"https:\/\/a.nel.cloudflare.com\/report?s=4waRFzOokIBg5i%2FHUTb%2BgTjZ3Ma7Z0dxBptDExlG2S0asaiNmAalomOe3bjSvoMnAKtTSFIS%2FOIbRUhfkyk3o8sVy%2BNLZmHTiDOMHQyhGJVDQDrDTOYUWxokFNBA"}],"group":"cf-nel","max_age":604800}
1 < Server: cloudflare
1 < Set-Cookie: __cfduid=d92ef0ab897152aa39f3a82ee3d8d77231604493637; expires=Fri, 04-Dec-20 12:40:37 GMT; path=/; domain=.typicode.com; HttpOnly; SameSite=Lax
1 < Transfer-Encoding: chunked
1 < access-control-allow-credentials: true
1 < cache-control: max-age=43200
1 < cf-request-id: 0634df103d0000cc2c7f296000000001
1 < etag: W/"160d-1eMSsxeJRfnVLRBmYJSbCiJZ1qQ"
1 < expires: -1
1 < pragma: no-cache
1 < vary: Origin, Accept-Encoding
1 < via: 1.1 vegur
1 < x-content-type-options: nosniff
1 < x-powered-by: Express
1 < x-ratelimit-limit: 1000
1 < x-ratelimit-remaining: 999
1 < x-ratelimit-reset: 1602838859
[
  {
    "id": 1,
    "name": "Leanne Graham",
    "username": "Bret",
    "email": "Sincere@april.biz",
    "address": {
      "street": "Kulas Light",
      "suite": "Apt. 556",
      "city": "Gwenborough",
      "zipcode": "92998-3874",
      "geo": {
        "lat": "-37.3159",
        "lng": "81.1496"
      }
    },
    "phone": "1-770-736-8031 x56442",
    "website": "hildegard.org",
    "company": {
      "name": "Romaguera-Crona",
      "catchPhrase": "Multi-layered client-server neural-net",
      "bs": "harness real-time e-markets"
    }
  },
  {
    "id": 2,
    "name": "Ervin Howell",
    "username": "Antonette",
    "email": "Shanna@melissa.tv",
    "address": {
      "street": "Victor Plains",
      "suite": "Suite 879",
      "city": "Wisokyburgh",
      "zipcode": "90566-7771",
      "geo": {
        "lat": "-43.9509",
        "lng": "-34.4618"
      }
    },
    "phone": "010-692-6593 x09125",
    "website": "anastasia.net",
    "company": {
      "name": "Deckow-Crist",
      "catchPhrase": "Proactive didactic contingency",
      "bs": "synergize scalable supply-chains"
    }
  },
  {
    "id": 3,
    "name": "Clementine Bauch",
    "username": "Samantha",
    "email": "Nathan@yesenia.net",
    "address": {
      "street": "Douglas Extension",
      "suite": "Suite 847",
      "city": "McKenziehaven",
      "zipcode": "59590-4157",
      "geo": {
        "lat": "-68.6102",
        "lng": "-47.0653"
      }
    },
    "phone": "1-463-123-4447",
    "website": "ramiro.info",
    "company": {
      "name": "Romaguera-Jacobson",
      "catchPhrase": "Face to face bifurcated interface",
      "bs": "e-enable strategic applications"
    }
  },
  {
    "id": 4,
    "name": "Patricia Lebsack",
    "username": "Karianne",
    "email": "Julianne.OConner@kory.org",
    "address": {
      "street": "Hoeger Mall",
      "suite": "Apt. 692",
      "city": "South Elvis",
      "zipcode": "53919-4257",
      "geo": {
        "lat": "29.4572",
        "lng": "-164.2990"
      }
    },
    "phone": "493-170-9623 x156",
    "website": "kale.biz",
    "company": {
      "name": "Robel-Corkery",
      "catchPhrase": "Multi-tiered zero tolerance productivity",
      "bs": "transition cutting-edge web services"
    }
  },
  {
    "id": 5,
    "name": "Chelsey Dietrich",
    "username": "Kamren",
    "email": "Lucio_Hettinger@annie.ca",
    "address": {
      "street": "Skiles Walks",
      "suite": "Suite 351",
      "city": "Roscoeview",
      "zipcode": "33263",
      "geo": {
        "lat": "-31.8129",
        "lng": "62.5342"
      }
    },
    "phone": "(254)954-1289",
    "website": "demarco.info",
    "company": {
      "name": "Keebler LLC",
      "catchPhrase": "User-centric fault-tolerant solution",
      "bs": "revolutionize end-to-end systems"
    }
  },
  {
    "id": 6,
    "name": "Mrs. Dennis Schulist",
    "username": "Leopoldo_Corkery",
    "email": "Karley_Dach@jasper.info",
    "address": {
      "street": "Norberto Crossing",
      "suite": "Apt. 950",
      "city": "South Christy",
      "zipcode": "23505-1337",
      "geo": {
        "lat": "-71.4197",
        "lng": "71.7478"
      }
    },
    "phone": "1-477-935-8478 x6430",
    "website": "ola.org",
    "company": {
      "name": "Considine-Lockman",
      "catchPhrase": "Synchronised bottom-line interface",
      "bs": "e-enable innovative applications"
    }
  },
  {
    "id": 7,
    "name": "Kurtis Weissnat",
    "username": "Elwyn.Skiles",
    "email": "Telly.Hoeger@billy.biz",
    "address": {
      "street": "Rex Trail",
      "suite": "Suite 280",
      "city": "Howemouth",
      "zipcode": "58804-1099",
      "geo": {
        "lat": "24.8918",
        "lng": "21.8984"
      }
    },
    "phone": "210.067.6132",
    "website": "elvis.io",
    "company": {
      "name": "Johns Group",
      "catchPhrase": "Configurable multimedia task-force",
      "bs": "generate enterprise e-tailers"
    }
  },
  {
    "id": 8,
    "name": "Nicholas Runolfsdottir V",
    "username": "Maxime_Nienow",
    "email": "Sherwood@rosamond.me",
    "address": {
      "street": "Ellsworth Summit",
      "suite": "Suite 729",
      "city": "Aliyaview",
      "zipcode": "45169",
      "geo": {
        "lat": "-14.3990",
        "lng": "-120.7677"
      }
    },
    "phone": "586.493.6943 x140",
    "website": "jacynthe.com",
    "company": {
      "name": "Abernathy Group",
      "catchPhrase": "Implemented secondary concept",
      "bs": "e-enable extensible e-tailers"
    }
  },
  {
    "id": 9,
    "name": "Glenna Reichert",
    "username": "Delphine",
    "email": "Chaim_McDermott@dana.io",
    "address": {
      "street": "Dayna Park",
      "suite": "Suite 449",
      "city": "Bartholomebury",
      "zipcode": "76495-3109",
      "geo": {
        "lat": "24.6463",
        "lng": "-168.8889"
      }
    },
    "phone": "(775)976-6794 x41206",
    "website": "conrad.com",
    "company": {
      "name": "Yost and Sons",
      "catchPhrase": "Switchable contextually-based project",
      "bs": "aggregate real-time technologies"
    }
  },
  {
    "id": 10,
    "name": "Clementina DuBuque",
    "username": "Moriah.Stanton",
    "email": "Rey.Padberg@karina.biz",
    "address": {
      "street": "Kattie Turnpike",
      "suite": "Suite 198",
      "city": "Lebsackbury",
      "zipcode": "31428-2261",
      "geo": {
        "lat": "-38.2386",
        "lng": "57.2232"
      }
    },
    "phone": "024-648-3804",
    "website": "ambrose.net",
    "company": {
      "name": "Hoeger LLC",
      "catchPhrase": "Centralized empowering task-force",
      "bs": "target end-to-end models"
    }
  }
]


18:10:37.754 request:
2 > GET https://jsonplaceholder.typicode.com/users/1
2 > Accept-Encoding: gzip,deflate
2 > Connection: Keep-Alive
2 > Cookie: __cfduid=d92ef0ab897152aa39f3a82ee3d8d77231604493637
2 > Host: jsonplaceholder.typicode.com
2 > User-Agent: Apache-HttpClient/4.5.12 (Java/12)

18:10:38.150 response time in milliseconds: 395.56
2 < 200
2 < Access-Control-Allow-Credentials: true
2 < Age: 1638
2 < CF-Cache-Status: HIT
2 < CF-RAY: 5ece67962e16dd77-SIN
2 < Cache-Control: max-age=43200
2 < Connection: keep-alive
2 < Content-Type: application/json; charset=utf-8
2 < Date: Wed, 04 Nov 2020 12:40:38 GMT
2 < Etag: W/"1fd-+2Y3G3w049iSZtw5t1mzSnunngE"
2 < Expect-CT: max-age=604800, report-uri="https://report-uri.cloudflare.com/cdn-cgi/beacon/expect-ct"
2 < Expires: -1
2 < NEL: {"report_to":"cf-nel","max_age":604800}
2 < Pragma: no-cache
2 < Report-To: {"endpoints":[{"url":"https:\/\/a.nel.cloudflare.com\/report?s=cu0uWrweXCGkAsA6dh8kRvnW7VE38tsSFz9vYVd3veTtnMqPxxhfcVXWwOH69TMOFJAsqkSlWM08T0yAf1XAblIWzxGSIHZxPpRuiXIbPidUjwNKol8Trx0h6Ypr"}],"group":"cf-nel","max_age":604800}
2 < Server: cloudflare
2 < Transfer-Encoding: chunked
2 < Vary: Origin, Accept-Encoding
2 < Via: 1.1 vegur
2 < X-Content-Type-Options: nosniff
2 < X-Powered-By: Express
2 < X-Ratelimit-Limit: 1000
2 < X-Ratelimit-Remaining: 999
2 < X-Ratelimit-Reset: 1601432074
2 < cf-request-id: 0634df11d70000dd77f9b75000000001
{
  "id": 1,
  "name": "Leanne Graham",
  "username": "Bret",
  "email": "Sincere@april.biz",
  "address": {
    "street": "Kulas Light",
    "suite": "Apt. 556",
    "city": "Gwenborough",
    "zipcode": "92998-3874",
    "geo": {
      "lat": "-37.3159",
      "lng": "81.1496"
    }
  },
  "phone": "1-770-736-8031 x56442",
  "website": "hildegard.org",
  "company": {
    "name": "Romaguera-Crona",
    "catchPhrase": "Multi-layered client-server neural-net",
    "bs": "harness real-time e-markets"
  }
}


18:10:38.159 karate.env system property was: dev 
18:10:38.166 request:
1 > POST https://jsonplaceholder.typicode.com/users
1 > Accept-Encoding: gzip,deflate
1 > Connection: Keep-Alive
1 > Content-Length: 160
1 > Content-Type: application/json; charset=UTF-8
1 > Host: jsonplaceholder.typicode.com
1 > User-Agent: Apache-HttpClient/4.5.12 (Java/12)
{
  "name": "Test User",
  "username": "testuser",
  "email": "test@user.com",
  "address": {
    "street": "Has No Name",
    "suite": "Apt. 123",
    "city": "Electri",
    "zipcode": "54321-6789"
  }
}


18:10:39.066 response time in milliseconds: 898.88
1 < 201
1 < CF-Cache-Status: DYNAMIC
1 < CF-RAY: 5ece6798e99f17a7-SIN
1 < Connection: keep-alive
1 < Content-Length: 216
1 < Content-Type: application/json; charset=utf-8
1 < Date: Wed, 04 Nov 2020 12:40:39 GMT
1 < Expect-CT: max-age=604800, report-uri="https://report-uri.cloudflare.com/cdn-cgi/beacon/expect-ct"
1 < NEL: {"report_to":"cf-nel","max_age":604800}
1 < Report-To: {"endpoints":[{"url":"https:\/\/a.nel.cloudflare.com\/report?s=cW4cd70ewQN2LdbSqKOSGuXQG4VeUtG%2BbpIGHXe%2Fs%2BWtCG2gnxtBQEBClpNhSkjtun4rCsvWxiGN2CFhDJtQ0sWNJUyeazcI%2FGkIkbvHNbcoSb6G038AUWTIcgTc"}],"group":"cf-nel","max_age":604800}
1 < Server: cloudflare
1 < Set-Cookie: __cfduid=d0154a2c45702359d003851b4cef22d771604493638; expires=Fri, 04-Dec-20 12:40:38 GMT; path=/; domain=.typicode.com; HttpOnly; SameSite=Lax
1 < access-control-allow-credentials: true
1 < access-control-expose-headers: Location
1 < cache-control: no-cache
1 < cf-request-id: 0634df1390000017a7d4a23000000001
1 < etag: W/"d8-pYV7+YuMGP2hxHPU9ARrf97ifDA"
1 < expires: -1
1 < location: http://jsonplaceholder.typicode.com/users/11
1 < pragma: no-cache
1 < vary: Origin, X-HTTP-Method-Override, Accept-Encoding
1 < via: 1.1 vegur
1 < x-content-type-options: nosniff
1 < x-powered-by: Express
1 < x-ratelimit-limit: 1000
1 < x-ratelimit-remaining: 998
1 < x-ratelimit-reset: 1604493650
{
  "name": "Test User",
  "username": "testuser",
  "email": "test@user.com",
  "address": {
    "street": "Has No Name",
    "suite": "Apt. 123",
    "city": "Electri",
    "zipcode": "54321-6789"
  },
  "id": 11
}


18:10:39.069 [print] created id is:  11
